
Collecting usage statistics. To deactivate, set browser.gatherUsageStats to false.


  You can now view your Streamlit app in your browser.

  Local URL: http://localhost:8501
  Network URL: http://192.168.0.2:8501
  External URL: http://35.224.132.190:8501

2026-02-28 16:43:43.414 Uncaught app execution
Traceback (most recent call last):
  File "/home/jules/.pyenv/versions/3.12.12/lib/python3.12/site-packages/streamlit/runtime/scriptrunner/exec_code.py", line 129, in exec_func_with_error_handling
    result = func()
             ^^^^^^
  File "/home/jules/.pyenv/versions/3.12.12/lib/python3.12/site-packages/streamlit/runtime/scriptrunner/script_runner.py", line 689, in code_to_exec
    exec(code, module.__dict__)  # noqa: S102
    ^^^^^^^^^^^^^^^^^^^^^^^^^^^
  File "/app/lofn/ui.py", line 7, in <module>
    import yaml
ModuleNotFoundError: No module named 'yaml'
2026-02-28 16:44:45.513 Uncaught app execution
Traceback (most recent call last):
  File "/home/jules/.pyenv/versions/3.12.12/lib/python3.12/site-packages/streamlit/runtime/scriptrunner/exec_code.py", line 129, in exec_func_with_error_handling
    result = func()
             ^^^^^^
  File "/home/jules/.pyenv/versions/3.12.12/lib/python3.12/site-packages/streamlit/runtime/scriptrunner/script_runner.py", line 689, in code_to_exec
    exec(code, module.__dict__)  # noqa: S102
    ^^^^^^^^^^^^^^^^^^^^^^^^^^^
  File "/app/lofn/ui.py", line 10, in <module>
    from image_generation import (
  File "/app/lofn/image_generation.py", line 7, in <module>
    import fastapi_poe as fp
ModuleNotFoundError: No module named 'fastapi_poe'
2026-02-28 16:47:28.176 Uncaught app execution
Traceback (most recent call last):
  File "/home/jules/.pyenv/versions/3.12.12/lib/python3.12/site-packages/streamlit/runtime/scriptrunner/exec_code.py", line 129, in exec_func_with_error_handling
    result = func()
             ^^^^^^
  File "/home/jules/.pyenv/versions/3.12.12/lib/python3.12/site-packages/streamlit/runtime/scriptrunner/script_runner.py", line 689, in code_to_exec
    exec(code, module.__dict__)  # noqa: S102
    ^^^^^^^^^^^^^^^^^^^^^^^^^^^
  File "/app/lofn/ui.py", line 2101, in <module>
    main()
  File "/app/lofn/ui.py", line 2098, in main
    app.run()
  File "/app/lofn/ui.py", line 354, in run
    self.render_sidebar()
  File "/app/lofn/ui.py", line 437, in render_sidebar
    if self.model.startswith('o1') or self.model.startswith('o3') or self.model.startswith('o4'):
       ^^^^^^^^^^^^^^^^^^^^^
AttributeError: 'NoneType' object has no attribute 'startswith'
